C51 COMPILER V9.01   7SEGMENT2                                                             09/30/2021 17:04:48 PAGE 1   


C51 COMPILER V9.01, COMPILATION OF MODULE 7SEGMENT2
OBJECT MODULE PLACED IN 7segment2.OBJ
COMPILER INVOKED BY: C:\Keil\C51\BIN\C51.EXE 7segment2.c BROWSE DEBUG OBJECTEXTEND

line level    source

   1          #include<reg52.h>
   2          void delay(int ms)
   3          {
   4   1      int i,j;
   5   1      for(i=0; i<=ms; i++)
   6   1      for(j=0; j<=1200; j++);
   7   1      }
   8          
   9          void main()
  10          {
  11   1      while(1)
  12   1      {
  13   2      int i;
  14   2      char a[]={0x3F,0x06,0x5B,0x4F,0x66,0x6D,0x7D,0x07,0x7F,0x6F};
  15   2      for(i=0;i<10;i++)
  16   2      {
  17   3      P2=a[i];
  18   3      delay(100);
  19   3      P2=a[5] & P2=0x80;
*** ERROR C141 IN LINE 19 OF 7SEGMENT2.C: syntax error near '='
  20   3      }
  21   2      for(i=9;i>=0;i--)
  22   2      {
  23   3      P2=a[i];
  24   3      delay(100);
  25   3      }
  26   2      }
  27   1      }

C51 COMPILATION COMPLETE.  0 WARNING(S),  1 ERROR(S)
