C51 COMPILER V9.01   LCD1                                                                  08/03/2019 14:55:33 PAGE 1   


C51 COMPILER V9.01, COMPILATION OF MODULE LCD1
OBJECT MODULE PLACED IN lcd1.OBJ
COMPILER INVOKED BY: C:\Keil\C51\BIN\C51.EXE lcd1.c BROWSE DEBUG OBJECTEXTEND

line level    source

   1          #include<reg52.h>
   2          #include<lcd.h>
   3          sbit RS=P1^0;
   4          sbit EN=P1^1;
   5          sbit D0=P2^0;
   6          sbit D1=P2^1;
   7          sbit D2=P2^2;
   8          sbit D3=P2^3;
   9          sbit D4=P2^4;
  10          sbit D5=P2^5;
  11          sbit D6=P2^6;
  12          sbit D7=P2^7;
  13          sbit sw=P3^0;
  14          
  15          void Delay(int a)
  16          {
  17   1      int i,j;
  18   1      for(i=0;i<a;i++)
  19   1      for(j=0;j<100;j++);
  20   1      }
  21          
  22          void main()
  23          {
  24   1      int i,x,z;
  25   1      Lcd8_Init();
  26   1      while(1)
  27   1      {
  28   2      while(sw==0)
  29   2      {               
  30   3      if(x==0)
  31   3      {
  32   4      Lcd8_Cmd(0x01);
  33   4      Lcd8_Cmd(0x82);
  34   4      Lcd8_Write_String("R-Labs");
  35   4      x=1;
  36   4      }
  37   3      else
  38   3      {
  39   4      Lcd8_Cmd(0x82);
  40   4      Lcd8_Write_String("R-Labs");
  41   4      x=1;
  42   4      }
  43   3      }
  44   2      Lcd8_Cmd(0x01);
  45   2      Lcd8_Cmd(0x82);
  46   2      Lcd8_Write_String("Not Pressed");
  47   2      x=0;
  48   2      Lcd8_Delay();
*** WARNING C206 IN LINE 48 OF LCD1.C: 'Lcd8_Delay': missing function-prototype
  49   2      Lcd8_Cmd(0x82);
  50   2      Lcd8_Write_String("Not Pressed");
  51   2      x=0;   
  52   2      }
  53   1      }                                                                               
*** WARNING C280 IN LINE 24 OF LCD1.C: 'i': unreferenced local variable
C51 COMPILER V9.01   LCD1                                                                  08/03/2019 14:55:33 PAGE 2   

*** WARNING C280 IN LINE 24 OF LCD1.C: 'z': unreferenced local variable
*** WARNING C290 IN LINE 85 OF LCD1.C: missing return value
*** WARNING C290 IN LINE 177 OF LCD1.C: missing return value


MODULE INFORMATION:   STATIC OVERLAYABLE
   CODE SIZE        =    686    ----
   CONSTANT SIZE    =     19    ----
   XDATA SIZE       =   ----    ----
   PDATA SIZE       =   ----    ----
   DATA SIZE        =   ----      21
   IDATA SIZE       =   ----    ----
   BIT SIZE         =   ----    ----
END OF MODULE INFORMATION.


C51 COMPILATION COMPLETE.  5 WARNING(S),  0 ERROR(S)
