C51 COMPILER V9.01   PACKMAN1                                                              08/08/2019 13:30:20 PAGE 1   


C51 COMPILER V9.01, COMPILATION OF MODULE PACKMAN1
OBJECT MODULE PLACED IN packman1.OBJ
COMPILER INVOKED BY: C:\Keil\C51\BIN\C51.EXE packman1.c BROWSE DEBUG OBJECTEXTEND

line level    source

   1          #include<reg52.h>
   2          #include<lcd.h>
   3          
   4          sbit RS=P1^0;
   5          sbit EN=P1^1;
   6          sbit D0=P2^0;
   7          sbit D1=P2^1;
   8          sbit D2=P2^2;
   9          sbit D3=P2^3;
  10          sbit D4=P2^4;
  11          sbit D5=P2^5;
  12          sbit D6=P2^6;
  13          sbit D7=P2^7;
  14          
  15          void delay(int a)
  16          {
  17   1      int i,j;
  18   1      for(i=0;i<a;i++)
  19   1      for(j=0;j<100;j++);
  20   1      }
  21          
  22          void character()
  23          {
  24   1      while(1)
  25   1      {
  26   2      int i,k;
  27   2      char b[]={0xC1,0xC2,0xC3,0xC4,0xC5,0xC6,0xC7,0xC8,0xC9,0xCA,0xCB,0xCC,0xCD,0xCE,0xCF};
  28   2      
  29   2      Lcd8_Cmd(0x40);
  30   2      Lcd8_Write_Char(0x00);
  31   2      Lcd8_Write_Char(0x00);
  32   2      Lcd8_Write_Char(0x00);
  33   2      Lcd8_Write_Char(0x0C);
  34   2      Lcd8_Write_Char(0x0C);
  35   2      Lcd8_Write_Char(0x00);
  36   2      Lcd8_Write_Char(0x00);
  37   2      Lcd8_Write_Char(0x00);
  38   2      Lcd8_Cmd(0xC0);
  39   2      Lcd8_Write_Char(0);
  40   2      for(k=0;k<16;k++)
  41   2      {
  42   3      Lcd8_Cmd(b[k]);
  43   3      Lcd8_Write_Char(0);
  44   3      }
  45   2      delay(200);
  46   2      
  47   2      Lcd8_Cmd(0x60);
  48   2      Lcd8_Write_Char(0x0E);
  49   2      Lcd8_Write_Char(0x1F);
  50   2      Lcd8_Write_Char(0x15);
  51   2      Lcd8_Write_Char(0x15);
  52   2      Lcd8_Write_Char(0x15);
  53   2      Lcd8_Write_Char(0x1F);
  54   2      Lcd8_Write_Char(0x0A);
  55   2      Lcd8_Write_Char(0x00);
C51 COMPILER V9.01   PACKMAN1                                                              08/08/2019 13:30:20 PAGE 2   

  56   2      Lcd8_Cmd(0xCF);
  57   2      Lcd8_Write_Char(4);
  58   2      delay(200);     
  59   2      
  60   2      Lcd8_Cmd(0x48);
  61   2      Lcd8_Write_Char(0x00);
  62   2      Lcd8_Write_Char(0x0F);
  63   2      Lcd8_Write_Char(0x1E);
  64   2      Lcd8_Write_Char(0x1C);
  65   2      Lcd8_Write_Char(0x1C);
  66   2      Lcd8_Write_Char(0x1E);
  67   2      Lcd8_Write_Char(0x0F);
  68   2      Lcd8_Write_Char(0x00);
  69   2      Lcd8_Cmd(0xC0);
  70   2      Lcd8_Write_Char(1);
  71   2      delay(200);     
  72   2      
  73   2      Lcd8_Cmd(0x50);
  74   2      Lcd8_Write_Char(0x00);
  75   2      Lcd8_Write_Char(0x0E);
  76   2      Lcd8_Write_Char(0x1F);
  77   2      Lcd8_Write_Char(0x1F);
  78   2      Lcd8_Write_Char(0x1F);
  79   2      Lcd8_Write_Char(0x1F);
  80   2      Lcd8_Write_Char(0x0E);
  81   2      Lcd8_Write_Char(0x00);
  82   2      Lcd8_Cmd(0xC0);
  83   2      Lcd8_Write_Char(2);
  84   2      delay(200);      
  85   2      
  86   2      Lcd8_Cmd(0x58);
  87   2      Lcd8_Write_Char(0x00);
  88   2      Lcd8_Write_Char(0x00);
  89   2      Lcd8_Write_Char(0x00);
  90   2      Lcd8_Write_Char(0x00);
  91   2      Lcd8_Write_Char(0x00);
  92   2      Lcd8_Write_Char(0x00);
  93   2      Lcd8_Write_Char(0x00);
  94   2      Lcd8_Write_Char(0x00);
  95   2      Lcd8_Cmd(0xC0);
  96   2      Lcd8_Write_Char(3);
  97   2      delay(200); 
  98   2      
  99   2      Lcd8_Cmd(0xC0);
 100   2      Lcd8_Write_Char(3);
 101   2      delay(200);
 102   2      
 103   2      for(k=0;k<16;k++)
 104   2      {
 105   3      for(i=0;i<4;i++)
 106   3      {
 107   4      Lcd8_Cmd(b[k]);
 108   4      Lcd8_Write_Char(i);
 109   4      delay(200);
 110   4      }
 111   3      }       
 112   2      }
 113   1      }
 114          
 115          void main()
 116          {
 117   1      Lcd8_Init();
C51 COMPILER V9.01   PACKMAN1                                                              08/08/2019 13:30:20 PAGE 3   

 118   1      character();
 119   1      }
*** WARNING C290 IN LINE 85 OF PACKMAN1.C: missing return value
*** WARNING C290 IN LINE 177 OF PACKMAN1.C: missing return value


MODULE INFORMATION:   STATIC OVERLAYABLE
   CODE SIZE        =    973    ----
   CONSTANT SIZE    =     15    ----
   XDATA SIZE       =   ----    ----
   PDATA SIZE       =   ----    ----
   DATA SIZE        =   ----      34
   IDATA SIZE       =   ----    ----
   BIT SIZE         =   ----    ----
END OF MODULE INFORMATION.


C51 COMPILATION COMPLETE.  2 WARNING(S),  0 ERROR(S)
